TN:
SF:src/database.ts
FNF:0
FNH:0
DA:1,1
DA:3,1
DA:4,1
LF:3
LH:3
BRF:0
BRH:0
end_of_record
TN:
SF:src/repositories/recommendationRepository.ts
FN:5,create
FN:16,findAll
FN:26,getAmountByScore
FN:33,getFindAllFilter
FN:45,find
FN:51,findByName
FN:57,updateScore
FN:66,remove
FNF:8
FNH:0
FNDA:0,create
FNDA:0,findAll
FNDA:0,getAmountByScore
FNDA:0,getFindAllFilter
FNDA:0,find
FNDA:0,findByName
FNDA:0,updateScore
FNDA:0,remove
DA:2,1
DA:6,0
DA:17,0
DA:19,0
DA:27,0
DA:36,0
DA:38,0
DA:40,0
DA:46,0
DA:52,0
DA:58,0
DA:67,0
DA:72,1
LF:13
LH:2
BRDA:36,0,0,0
BRF:1
BRH:0
end_of_record
TN:
SF:src/services/recommendationsService.ts
FN:7,insert
FN:18,upvote
FN:24,downvote
FN:37,getByIdOrFail
FN:44,get
FN:48,getTop
FN:52,getRandom
FN:66,getByScore
FN:79,getScoreFilter
FNF:9
FNH:9
FNDA:2,insert
FNDA:1,upvote
FNDA:2,downvote
FNDA:5,getByIdOrFail
FNDA:1,get
FNDA:1,getTop
FNDA:2,getRandom
FNDA:2,getByScore
FNDA:4,getScoreFilter
DA:2,1
DA:3,1
DA:8,2
DA:12,2
DA:13,1
DA:15,1
DA:19,1
DA:21,1
DA:25,2
DA:27,2
DA:32,2
DA:33,1
DA:38,5
DA:39,5
DA:41,4
DA:45,1
DA:49,1
DA:53,2
DA:54,2
DA:56,2
DA:57,2
DA:58,2
DA:59,1
DA:62,1
DA:63,1
DA:67,2
DA:72,2
DA:73,1
DA:76,1
DA:80,4
DA:81,2
DA:84,2
DA:87,1
LF:33
LH:33
BRDA:12,0,0,1
BRDA:32,1,0,1
BRDA:39,2,0,1
BRDA:58,3,0,1
BRDA:72,4,0,1
BRDA:80,5,0,2
BRF:6
BRH:6
end_of_record
TN:
SF:src/utils/errorUtils.ts
FN:7,isAppError
FN:11,errorTypeToStatusCode
FN:19,conflictError
FN:23,notFoundError
FN:27,unauthorizedError
FN:31,wrongSchemaError
FNF:6
FNH:2
FNDA:0,isAppError
FNDA:0,errorTypeToStatusCode
FNDA:1,conflictError
FNDA:2,notFoundError
FNDA:0,unauthorizedError
FNDA:0,wrongSchemaError
DA:7,1
DA:8,0
DA:11,1
DA:12,0
DA:13,0
DA:14,0
DA:15,0
DA:16,0
DA:19,1
DA:20,1
DA:23,1
DA:24,2
DA:27,1
DA:28,0
DA:31,1
DA:32,0
LF:16
LH:8
BRDA:12,0,0,0
BRDA:13,1,0,0
BRDA:14,2,0,0
BRDA:15,3,0,0
BRDA:20,4,0,1
BRDA:20,4,1,0
BRDA:20,5,0,1
BRDA:20,5,1,1
BRDA:24,6,0,0
BRDA:24,6,1,2
BRDA:24,7,0,2
BRDA:24,7,1,2
BRDA:28,8,0,0
BRDA:28,8,1,0
BRDA:28,9,0,0
BRDA:28,9,1,0
BRDA:32,10,0,0
BRDA:32,10,1,0
BRDA:32,11,0,0
BRDA:32,11,1,0
BRF:20
BRH:6
end_of_record
